2022-10-10 012:30:50  INFO  io.gosaas.Assignment1Application - Starting Assignment1Application using Java 1.8.0_341 on GoSaas-Labs-PC-41 with PID 2653 (/home/gosaas/Documents/workspace-spring-tool-suite-4-4.15.3.RELEASE/assignment1/target/classes started by gosaas in /home/gosaas/Documents/workspace-spring-tool-suite-4-4.15.3.RELEASE/assignment1)
2022-10-10 012:30:50  INFO  io.gosaas.Assignment1Application - No active profile set, falling back to 1 default profile: "default"
2022-10-10 012:30:50  INFO  o.s.d.r.c.RepositoryConfigurationDelegate - Bootstrapping Spring Data JPA repositories in DEFAULT mode.
2022-10-10 012:30:50  INFO  o.s.d.r.c.RepositoryConfigurationDelegate - Finished Spring Data repository scanning in 10 ms. Found 3 JPA repository interfaces.
2022-10-10 012:30:50  INFO  o.s.b.w.e.tomcat.TomcatWebServer - Tomcat initialized with port(s): 8080 (http)
2022-10-10 012:30:50  INFO  o.a.catalina.core.StandardService - Starting service [Tomcat]
2022-10-10 012:30:50  INFO  o.a.catalina.core.StandardEngine - Starting Servlet engine: [Apache Tomcat/9.0.65]
2022-10-10 012:30:50  INFO  o.a.c.c.C.[Tomcat].[localhost].[/] - Initializing Spring embedded WebApplicationContext
2022-10-10 012:30:50  INFO  o.s.b.w.s.c.ServletWebServerApplicationContext - Root WebApplicationContext: initialization completed in 341 ms
2022-10-10 012:30:50  INFO  com.zaxxer.hikari.HikariDataSource - HikariPool-4 - Starting...
2022-10-10 012:30:50  INFO  com.zaxxer.hikari.HikariDataSource - HikariPool-4 - Start completed.
2022-10-10 012:30:50  INFO  o.h.jpa.internal.util.LogHelper - HHH000204: Processing PersistenceUnitInfo [name: default]
2022-10-10 012:30:50  INFO  org.hibernate.dialect.Dialect - HHH000400: Using dialect: org.hibernate.dialect.MySQL5InnoDBDialect
2022-10-10 012:30:50  INFO  o.h.e.t.j.p.i.JtaPlatformInitiator - HHH000490: Using JtaPlatform implementation: [org.hibernate.engine.transaction.jta.platform.internal.NoJtaPlatform]
2022-10-10 012:30:50  INFO  o.s.o.j.LocalContainerEntityManagerFactoryBean - Initialized JPA EntityManagerFactory for persistence unit 'default'
2022-10-10 012:30:50  WARN  o.s.b.a.o.j.JpaBaseConfiguration$JpaWebConfiguration - spring.jpa.open-in-view is enabled by default. Therefore, database queries may be performed during view rendering. Explicitly configure spring.jpa.open-in-view to disable this warning
2022-10-10 012:30:50  INFO  o.s.b.a.w.s.WelcomePageHandlerMapping - Adding welcome page: ServletContext resource [/index.html]
2022-10-10 012:30:51  INFO  o.s.b.d.a.OptionalLiveReloadServer - LiveReload server is running on port 35729
2022-10-10 012:30:51  INFO  o.s.b.w.e.tomcat.TomcatWebServer - Tomcat started on port(s): 8080 (http) with context path ''
2022-10-10 012:30:51  INFO  io.gosaas.Assignment1Application - Started Assignment1Application in 0.695 seconds (JVM running for 468.946)
2022-10-10 012:30:51  INFO  o.s.b.d.a.ConditionEvaluationDeltaLoggingListener - Condition evaluation unchanged
2022-10-10 012:31:07  INFO  o.a.c.c.C.[Tomcat].[localhost].[/] - Initializing Spring DispatcherServlet 'dispatcherServlet'
2022-10-10 012:31:07  INFO  o.s.web.servlet.DispatcherServlet - Initializing Servlet 'dispatcherServlet'
2022-10-10 012:31:07  INFO  o.s.web.servlet.DispatcherServlet - Completed initialization in 4 ms
2022-10-10 012:31:07  TRACE io.gosaas.item.ItemController - got an objecttttt
2022-10-10 012:36:55  INFO  o.s.b.d.a.LocalDevToolsAutoConfiguration$RestartingClassPathChangeChangedEventListener - Restarting due to 1 class path change (0 additions, 0 deletions, 1 modification)
2022-10-10 012:36:55  INFO  o.a.catalina.core.StandardService - Stopping service [Tomcat]
2022-10-10 012:36:55  INFO  o.a.c.c.C.[Tomcat].[localhost].[/] - Destroying Spring FrameworkServlet 'dispatcherServlet'
2022-10-10 012:36:55  INFO  o.s.o.j.LocalContainerEntityManagerFactoryBean - Closing JPA EntityManagerFactory for persistence unit 'default'
2022-10-10 012:36:55  INFO  com.zaxxer.hikari.HikariDataSource - HikariPool-4 - Shutdown initiated...
2022-10-10 012:36:55  INFO  com.zaxxer.hikari.HikariDataSource - HikariPool-4 - Shutdown completed.
